<?xml version="1.0" encoding="UTF-8"?>
<!-- Generated by org.testng.reporters.JUnitXMLReporter -->
<testsuite hostname="atauser9-PC" ignored="0" name="Test" tests="8" failures="1" timestamp="2020-04-27T13:41:28 CDT" time="127.01" errors="0">
  <testcase name="@AfterTest tearDown" time="0.207" classname="com.crm.qa.tests.HomePageTest">
    <failure type="org.openqa.selenium.NoSuchSessionException" message="Session ID is null. Using WebDriver after calling quit()?
Build info: version: &amp;apos;3.141.59&amp;apos;, revision: &amp;apos;e82be7d358&amp;apos;, time: &amp;apos;2018-11-14T08:17:03&amp;apos;
System info: host: &amp;apos;ATAUSER9-PC&amp;apos;, ip: &amp;apos;192.168.29.200&amp;apos;, os.name: &amp;apos;Windows 7&amp;apos;, os.arch: &amp;apos;amd64&amp;apos;, os.version: &amp;apos;6.1&amp;apos;, java.version: &amp;apos;1.8.0_241&amp;apos;
Driver info: driver.version: RemoteWebDriver">
      <![CDATA[org.openqa.selenium.NoSuchSessionException: Session ID is null. Using WebDriver after calling quit()?
Build info: version: '3.141.59', revision: 'e82be7d358', time: '2018-11-14T08:17:03'
System info: host: 'ATAUSER9-PC', ip: '192.168.29.200', os.name: 'Windows 7', os.arch: 'amd64', os.version: '6.1', java.version: '1.8.0_241'
Driver info: driver.version: RemoteWebDriver
at org.openqa.selenium.remote.HttpCommandExecutor.execute(HttpCommandExecutor.java:125)
at org.openqa.selenium.remote.service.DriverCommandExecutor.execute(DriverCommandExecutor.java:83)
at org.openqa.selenium.remote.RemoteWebDriver.execute(RemoteWebDriver.java:552)
at org.openqa.selenium.remote.RemoteWebDriver.execute(RemoteWebDriver.java:609)
at org.openqa.selenium.remote.RemoteWebDriver.close(RemoteWebDriver.java:442)
at com.crm.qa.tests.HomePageTest.tearDown(HomePageTest.java:47)
... Removed 28 stack frames]]>
    </failure>
  </testcase> <!-- @AfterTest tearDown -->
  <testcase name="@AfterTest tearDown" time="-1.588012888801E9" classname="com.crm.qa.tests.loginPageTest">
    <skipped/>
  </testcase> <!-- @AfterTest tearDown -->
  <testcase name="validateLoginPageTitleTest" time="0.029" classname="com.crm.qa.tests.loginPageTest">
    <failure type="java.lang.AssertionError" message="expected [Free CRM #1 cloud software for any business big or small] but found [Free CRM #1 cloud software for any business large or small]">
      <![CDATA[java.lang.AssertionError: expected [Free CRM #1 cloud software for any business big or small] but found [Free CRM #1 cloud software for any business large or small]
at com.crm.qa.tests.loginPageTest.validateLoginPageTitleTest(loginPageTest.java:33)
at java.util.ArrayList.forEach(ArrayList.java:1257)
... Removed 36 stack frames]]>
    </failure>
  </testcase> <!-- validateLoginPageTitleTest -->
  <testcase name="validateCRMLogoTest" time="0.937" classname="com.crm.qa.tests.loginPageTest"/>
  <testcase name="validateLoginTest" time="18.421" classname="com.crm.qa.tests.loginPageTest"/>
  <testcase name="validateHomePageTitleTest" time="0.007" classname="com.crm.qa.tests.HomePageTest"/>
  <testcase name="validateDealsLink" time="0.222" classname="com.crm.qa.tests.HomePageTest"/>
  <testcase name="validateUsername" time="0.093" classname="com.crm.qa.tests.HomePageTest"/>
  <testcase name="validateHeader" time="0.047" classname="com.crm.qa.tests.ContactsPageTest"/>
  <testcase name="validateContactsTable" time="11.477" classname="com.crm.qa.tests.ContactsPageTest"/>
</testsuite> <!-- Test -->
